[2020-03-22 23:00:26,183] INFO [GroupCoordinator 0]: Member ruby-kafka-c7e87a5c-832c-40b1-a15f-44371fa88b32 in group fedex_consumer has failed, removing it from the group (kafka.coordinator.group.GroupCoordinator)
[2020-03-22 23:00:26,189] INFO [GroupCoordinator 0]: Preparing to rebalance group fedex_consumer in state PreparingRebalance with old generation 81 (__consumer_offsets-11) (reason: removing member ruby-kafka-c7e87a5c-832c-40b1-a15f-44371fa88b32 on heartbeat expiration) (kafka.coordinator.group.GroupCoordinator)
[2020-03-22 23:00:26,190] INFO [GroupCoordinator 0]: Group fedex_consumer with generation 82 is now empty (__consumer_offsets-11) (kafka.coordinator.group.GroupCoordinator)
[2020-03-22 23:00:56,526] INFO [GroupCoordinator 0]: Preparing to rebalance group fedex_consumer in state PreparingRebalance with old generation 82 (__consumer_offsets-11) (reason: Adding new member ruby-kafka-2bb087a8-1657-445c-afbd-5ff223b0bf09 with group instanceid None) (kafka.coordinator.group.GroupCoordinator)
[2020-03-22 23:00:56,530] INFO [GroupCoordinator 0]: Stabilized group fedex_consumer generation 83 (__consumer_offsets-11) (kafka.coordinator.group.GroupCoordinator)
[2020-03-22 23:00:56,536] INFO [GroupCoordinator 0]: Assignment received from leader for group fedex_consumer for generation 83 (kafka.coordinator.group.GroupCoordinator)
[2020-03-22 23:05:22,857] INFO [Log partition=fedex_package-0, dir=/tmp/kafka-logs] Found deletable segments with base offsets [1314] due to retention time 1000ms breach (kafka.log.Log)
[2020-03-22 23:05:22,868] INFO [ProducerStateManager partition=fedex_package-0] Writing producer snapshot at offset 1421 (kafka.log.ProducerStateManager)
[2020-03-22 23:05:22,872] INFO [Log partition=fedex_package-0, dir=/tmp/kafka-logs] Rolled new log segment at offset 1421 in 12 ms. (kafka.log.Log)
[2020-03-22 23:05:22,875] INFO [Log partition=fedex_package-0, dir=/tmp/kafka-logs] Scheduling segments for deletion List(LogSegment(baseOffset=1314, size=4358, lastModifiedTime=1584939906000, largestTime=1584939878472)) (kafka.log.Log)
[2020-03-22 23:05:22,876] INFO [Log partition=fedex_package-0, dir=/tmp/kafka-logs] Incrementing log start offset to 1421 (kafka.log.Log)
[2020-03-22 23:06:22,886] INFO [Log partition=fedex_package-0, dir=/tmp/kafka-logs] Deleting segments List(LogSegment(baseOffset=1314, size=4358, lastModifiedTime=1584939906000, largestTime=1584939878472)) (kafka.log.Log)
[2020-03-22 23:06:22,893] INFO Deleted log /tmp/kafka-logs/fedex_package-0/00000000000000001314.log.deleted. (kafka.log.LogSegment)
[2020-03-22 23:06:22,903] INFO Deleted offset index /tmp/kafka-logs/fedex_package-0/00000000000000001314.index.deleted. (kafka.log.LogSegment)
[2020-03-22 23:06:22,903] INFO Deleted time index /tmp/kafka-logs/fedex_package-0/00000000000000001314.timeindex.deleted. (kafka.log.LogSegment)
[2020-03-22 23:09:53,759] INFO [GroupMetadataManager brokerId=0] Removed 0 expired offsets in 10 milliseconds. (kafka.coordinator.group.GroupMetadataManager)
[2020-03-22 23:10:22,869] INFO [Log partition=fedex_package-0, dir=/tmp/kafka-logs] Found deletable segments with base offsets [1421] due to retention time 1000ms breach (kafka.log.Log)
[2020-03-22 23:10:22,877] INFO [ProducerStateManager partition=fedex_package-0] Writing producer snapshot at offset 1544 (kafka.log.ProducerStateManager)
[2020-03-22 23:10:22,879] INFO [Log partition=fedex_package-0, dir=/tmp/kafka-logs] Rolled new log segment at offset 1544 in 10 ms. (kafka.log.Log)
[2020-03-22 23:10:22,881] INFO [Log partition=fedex_package-0, dir=/tmp/kafka-logs] Scheduling segments for deletion List(LogSegment(baseOffset=1421, size=5011, lastModifiedTime=1584940146000, largestTime=1584940145134)) (kafka.log.Log)
[2020-03-22 23:10:22,881] INFO [Log partition=fedex_package-0, dir=/tmp/kafka-logs] Incrementing log start offset to 1544 (kafka.log.Log)
[2020-03-22 23:11:22,884] INFO [Log partition=fedex_package-0, dir=/tmp/kafka-logs] Deleting segments List(LogSegment(baseOffset=1421, size=5011, lastModifiedTime=1584940146000, largestTime=1584940145134)) (kafka.log.Log)
[2020-03-22 23:11:22,884] INFO Deleted log /tmp/kafka-logs/fedex_package-0/00000000000000001421.log.deleted. (kafka.log.LogSegment)
[2020-03-22 23:11:22,889] INFO Deleted offset index /tmp/kafka-logs/fedex_package-0/00000000000000001421.index.deleted. (kafka.log.LogSegment)
[2020-03-22 23:11:22,890] INFO Deleted time index /tmp/kafka-logs/fedex_package-0/00000000000000001421.timeindex.deleted. (kafka.log.LogSegment)
[2020-03-22 23:15:14,099] INFO [GroupCoordinator 0]: Preparing to rebalance group fedex_consumer in state PreparingRebalance with old generation 83 (__consumer_offsets-11) (reason: Adding new member ruby-kafka-6a408635-277b-4dad-8768-42b9f797d6d6 with group instanceid None) (kafka.coordinator.group.GroupCoordinator)
[2020-03-22 23:15:19,945] INFO [GroupCoordinator 0]: Member ruby-kafka-2bb087a8-1657-445c-afbd-5ff223b0bf09 in group fedex_consumer has failed, removing it from the group (kafka.coordinator.group.GroupCoordinator)
[2020-03-22 23:15:19,948] INFO [GroupCoordinator 0]: Stabilized group fedex_consumer generation 84 (__consumer_offsets-11) (kafka.coordinator.group.GroupCoordinator)
[2020-03-22 23:15:19,951] INFO [GroupCoordinator 0]: Assignment received from leader for group fedex_consumer for generation 84 (kafka.coordinator.group.GroupCoordinator)
[2020-03-22 23:19:53,766] INFO [GroupMetadataManager brokerId=0] Removed 0 expired offsets in 1 milliseconds. (kafka.coordinator.group.GroupMetadataManager)
[2020-03-22 23:20:22,887] INFO [Log partition=fedex_package-0, dir=/tmp/kafka-logs] Found deletable segments with base offsets [1544] due to retention time 1000ms breach (kafka.log.Log)
[2020-03-22 23:20:22,892] INFO [ProducerStateManager partition=fedex_package-0] Writing producer snapshot at offset 1790 (kafka.log.ProducerStateManager)
[2020-03-22 23:20:22,894] INFO [Log partition=fedex_package-0, dir=/tmp/kafka-logs] Rolled new log segment at offset 1790 in 7 ms. (kafka.log.Log)
[2020-03-22 23:20:22,896] INFO [Log partition=fedex_package-0, dir=/tmp/kafka-logs] Scheduling segments for deletion List(LogSegment(baseOffset=1544, size=9631, lastModifiedTime=1584940800000, largestTime=1584940800028)) (kafka.log.Log)
[2020-03-22 23:20:22,896] INFO [Log partition=fedex_package-0, dir=/tmp/kafka-logs] Incrementing log start offset to 1790 (kafka.log.Log)
[2020-03-22 23:21:22,898] INFO [Log partition=fedex_package-0, dir=/tmp/kafka-logs] Deleting segments List(LogSegment(baseOffset=1544, size=9631, lastModifiedTime=1584940800000, largestTime=1584940800028)) (kafka.log.Log)
[2020-03-22 23:21:22,899] INFO Deleted log /tmp/kafka-logs/fedex_package-0/00000000000000001544.log.deleted. (kafka.log.LogSegment)
[2020-03-22 23:21:22,899] INFO Deleted offset index /tmp/kafka-logs/fedex_package-0/00000000000000001544.index.deleted. (kafka.log.LogSegment)
[2020-03-22 23:21:22,900] INFO Deleted time index /tmp/kafka-logs/fedex_package-0/00000000000000001544.timeindex.deleted. (kafka.log.LogSegment)
[2020-03-22 23:25:22,919] INFO [Log partition=fedex_package-0, dir=/tmp/kafka-logs] Found deletable segments with base offsets [1790] due to retention time 1000ms breach (kafka.log.Log)
[2020-03-22 23:25:22,925] INFO [ProducerStateManager partition=fedex_package-0] Writing producer snapshot at offset 2152 (kafka.log.ProducerStateManager)
[2020-03-22 23:25:22,927] INFO [Log partition=fedex_package-0, dir=/tmp/kafka-logs] Rolled new log segment at offset 2152 in 8 ms. (kafka.log.Log)
[2020-03-22 23:25:22,929] INFO [Log partition=fedex_package-0, dir=/tmp/kafka-logs] Scheduling segments for deletion List(LogSegment(baseOffset=1790, size=14153, lastModifiedTime=1584941010000, largestTime=1584941010522)) (kafka.log.Log)
[2020-03-22 23:25:22,929] INFO [Log partition=fedex_package-0, dir=/tmp/kafka-logs] Incrementing log start offset to 2152 (kafka.log.Log)
[2020-03-22 23:26:22,931] INFO [Log partition=fedex_package-0, dir=/tmp/kafka-logs] Deleting segments List(LogSegment(baseOffset=1790, size=14153, lastModifiedTime=1584941010000, largestTime=1584941010522)) (kafka.log.Log)
[2020-03-22 23:26:22,932] INFO Deleted log /tmp/kafka-logs/fedex_package-0/00000000000000001790.log.deleted. (kafka.log.LogSegment)
[2020-03-22 23:26:22,932] INFO Deleted offset index /tmp/kafka-logs/fedex_package-0/00000000000000001790.index.deleted. (kafka.log.LogSegment)
[2020-03-22 23:26:22,933] INFO Deleted time index /tmp/kafka-logs/fedex_package-0/00000000000000001790.timeindex.deleted. (kafka.log.LogSegment)
[2020-03-22 23:29:53,805] INFO [GroupMetadataManager brokerId=0] Removed 0 expired offsets in 0 milliseconds. (kafka.coordinator.group.GroupMetadataManager)
[2020-03-22 23:30:01,453] INFO [GroupCoordinator 0]: Member[group.instance.id None, member.id ruby-kafka-6a408635-277b-4dad-8768-42b9f797d6d6] in group fedex_consumer has left, removing it from the group (kafka.coordinator.group.GroupCoordinator)
[2020-03-22 23:30:01,454] INFO [GroupCoordinator 0]: Preparing to rebalance group fedex_consumer in state PreparingRebalance with old generation 84 (__consumer_offsets-11) (reason: removing member ruby-kafka-6a408635-277b-4dad-8768-42b9f797d6d6 on LeaveGroup) (kafka.coordinator.group.GroupCoordinator)
[2020-03-22 23:30:01,454] INFO [GroupCoordinator 0]: Group fedex_consumer with generation 85 is now empty (__consumer_offsets-11) (kafka.coordinator.group.GroupCoordinator)
[2020-03-22 23:35:22,936] INFO [Log partition=fedex_package-0, dir=/tmp/kafka-logs] Found deletable segments with base offsets [2152] due to retention time 1000ms breach (kafka.log.Log)
[2020-03-22 23:35:22,939] INFO [ProducerStateManager partition=fedex_package-0] Writing producer snapshot at offset 2307 (kafka.log.ProducerStateManager)
[2020-03-22 23:35:22,940] INFO [Log partition=fedex_package-0, dir=/tmp/kafka-logs] Rolled new log segment at offset 2307 in 4 ms. (kafka.log.Log)
[2020-03-22 23:35:22,942] INFO [Log partition=fedex_package-0, dir=/tmp/kafka-logs] Scheduling segments for deletion List(LogSegment(baseOffset=2152, size=6127, lastModifiedTime=1584941704000, largestTime=1584941703102)) (kafka.log.Log)
[2020-03-22 23:35:22,942] INFO [Log partition=fedex_package-0, dir=/tmp/kafka-logs] Incrementing log start offset to 2307 (kafka.log.Log)
[2020-03-22 23:35:48,251] INFO [GroupCoordinator 0]: Preparing to rebalance group fedex_consumer in state PreparingRebalance with old generation 85 (__consumer_offsets-11) (reason: Adding new member ruby-kafka-65b0aaa2-8e08-4e5c-8ff8-9fc3eb198256 with group instanceid None) (kafka.coordinator.group.GroupCoordinator)
[2020-03-22 23:35:48,253] INFO [GroupCoordinator 0]: Stabilized group fedex_consumer generation 86 (__consumer_offsets-11) (kafka.coordinator.group.GroupCoordinator)
[2020-03-22 23:35:48,256] INFO [GroupCoordinator 0]: Assignment received from leader for group fedex_consumer for generation 86 (kafka.coordinator.group.GroupCoordinator)
[2020-03-22 23:36:22,945] INFO [Log partition=fedex_package-0, dir=/tmp/kafka-logs] Deleting segments List(LogSegment(baseOffset=2152, size=6127, lastModifiedTime=1584941704000, largestTime=1584941703102)) (kafka.log.Log)
[2020-03-22 23:36:22,947] INFO Deleted log /tmp/kafka-logs/fedex_package-0/00000000000000002152.log.deleted. (kafka.log.LogSegment)
[2020-03-22 23:36:22,947] INFO Deleted offset index /tmp/kafka-logs/fedex_package-0/00000000000000002152.index.deleted. (kafka.log.LogSegment)
[2020-03-22 23:36:22,948] INFO Deleted time index /tmp/kafka-logs/fedex_package-0/00000000000000002152.timeindex.deleted. (kafka.log.LogSegment)
[2020-03-22 23:39:53,846] INFO [GroupMetadataManager brokerId=0] Removed 0 expired offsets in 0 milliseconds. (kafka.coordinator.group.GroupMetadataManager)
[2020-03-22 23:40:01,738] INFO [GroupCoordinator 0]: Member[group.instance.id None, member.id ruby-kafka-65b0aaa2-8e08-4e5c-8ff8-9fc3eb198256] in group fedex_consumer has left, removing it from the group (kafka.coordinator.group.GroupCoordinator)
[2020-03-22 23:40:01,738] INFO [GroupCoordinator 0]: Preparing to rebalance group fedex_consumer in state PreparingRebalance with old generation 86 (__consumer_offsets-11) (reason: removing member ruby-kafka-65b0aaa2-8e08-4e5c-8ff8-9fc3eb198256 on LeaveGroup) (kafka.coordinator.group.GroupCoordinator)
[2020-03-22 23:40:01,738] INFO [GroupCoordinator 0]: Group fedex_consumer with generation 87 is now empty (__consumer_offsets-11) (kafka.coordinator.group.GroupCoordinator)
[2020-03-22 23:40:22,968] INFO [Log partition=fedex_package-0, dir=/tmp/kafka-logs] Found deletable segments with base offsets [2307] due to retention time 1000ms breach (kafka.log.Log)
[2020-03-22 23:40:22,972] INFO [ProducerStateManager partition=fedex_package-0] Writing producer snapshot at offset 2580 (kafka.log.ProducerStateManager)
[2020-03-22 23:40:22,975] INFO [Log partition=fedex_package-0, dir=/tmp/kafka-logs] Rolled new log segment at offset 2580 in 7 ms. (kafka.log.Log)
[2020-03-22 23:40:22,977] INFO [Log partition=fedex_package-0, dir=/tmp/kafka-logs] Scheduling segments for deletion List(LogSegment(baseOffset=2307, size=10693, lastModifiedTime=1584941984000, largestTime=1584941983883)) (kafka.log.Log)
[2020-03-22 23:40:22,977] INFO [Log partition=fedex_package-0, dir=/tmp/kafka-logs] Incrementing log start offset to 2580 (kafka.log.Log)
[2020-03-22 23:41:22,980] INFO [Log partition=fedex_package-0, dir=/tmp/kafka-logs] Deleting segments List(LogSegment(baseOffset=2307, size=10693, lastModifiedTime=1584941984000, largestTime=1584941983883)) (kafka.log.Log)
[2020-03-22 23:41:22,980] INFO Deleted log /tmp/kafka-logs/fedex_package-0/00000000000000002307.log.deleted. (kafka.log.LogSegment)
[2020-03-22 23:41:22,981] INFO Deleted offset index /tmp/kafka-logs/fedex_package-0/00000000000000002307.index.deleted. (kafka.log.LogSegment)
[2020-03-22 23:41:22,981] INFO Deleted time index /tmp/kafka-logs/fedex_package-0/00000000000000002307.timeindex.deleted. (kafka.log.LogSegment)
[2020-03-22 23:45:22,974] INFO [Log partition=fedex_package-0, dir=/tmp/kafka-logs] Found deletable segments with base offsets [2580] due to retention time 1000ms breach (kafka.log.Log)
[2020-03-22 23:45:22,982] INFO [ProducerStateManager partition=fedex_package-0] Writing producer snapshot at offset 3053 (kafka.log.ProducerStateManager)
[2020-03-22 23:45:22,983] INFO [Log partition=fedex_package-0, dir=/tmp/kafka-logs] Rolled new log segment at offset 3053 in 9 ms. (kafka.log.Log)
[2020-03-22 23:45:22,985] INFO [Log partition=fedex_package-0, dir=/tmp/kafka-logs] Scheduling segments for deletion List(LogSegment(baseOffset=2580, size=18590, lastModifiedTime=1584942304000, largestTime=1584942303334)) (kafka.log.Log)
[2020-03-22 23:45:22,985] INFO [Log partition=fedex_package-0, dir=/tmp/kafka-logs] Incrementing log start offset to 3053 (kafka.log.Log)
[2020-03-22 23:46:22,988] INFO [Log partition=fedex_package-0, dir=/tmp/kafka-logs] Deleting segments List(LogSegment(baseOffset=2580, size=18590, lastModifiedTime=1584942304000, largestTime=1584942303334)) (kafka.log.Log)
[2020-03-22 23:46:22,989] INFO Deleted log /tmp/kafka-logs/fedex_package-0/00000000000000002580.log.deleted. (kafka.log.LogSegment)
[2020-03-22 23:46:22,989] INFO Deleted offset index /tmp/kafka-logs/fedex_package-0/00000000000000002580.index.deleted. (kafka.log.LogSegment)
[2020-03-22 23:46:22,990] INFO Deleted time index /tmp/kafka-logs/fedex_package-0/00000000000000002580.timeindex.deleted. (kafka.log.LogSegment)
[2020-03-22 23:49:53,867] INFO [GroupMetadataManager brokerId=0] Removed 0 expired offsets in 1 milliseconds. (kafka.coordinator.group.GroupMetadataManager)
[2020-03-22 23:50:22,986] INFO [Log partition=fedex_package-0, dir=/tmp/kafka-logs] Found deletable segments with base offsets [3053] due to retention time 1000ms breach (kafka.log.Log)
[2020-03-22 23:50:22,988] INFO [ProducerStateManager partition=fedex_package-0] Writing producer snapshot at offset 3163 (kafka.log.ProducerStateManager)
[2020-03-22 23:50:22,989] INFO [Log partition=fedex_package-0, dir=/tmp/kafka-logs] Rolled new log segment at offset 3163 in 3 ms. (kafka.log.Log)
[2020-03-22 23:50:22,990] INFO [Log partition=fedex_package-0, dir=/tmp/kafka-logs] Scheduling segments for deletion List(LogSegment(baseOffset=3053, size=4405, lastModifiedTime=1584942573000, largestTime=1584942573735)) (kafka.log.Log)
[2020-03-22 23:50:22,991] INFO [Log partition=fedex_package-0, dir=/tmp/kafka-logs] Incrementing log start offset to 3163 (kafka.log.Log)
[2020-03-22 23:51:22,993] INFO [Log partition=fedex_package-0, dir=/tmp/kafka-logs] Deleting segments List(LogSegment(baseOffset=3053, size=4405, lastModifiedTime=1584942573000, largestTime=1584942573735)) (kafka.log.Log)
[2020-03-22 23:51:22,994] INFO Deleted log /tmp/kafka-logs/fedex_package-0/00000000000000003053.log.deleted. (kafka.log.LogSegment)
[2020-03-22 23:51:22,994] INFO Deleted offset index /tmp/kafka-logs/fedex_package-0/00000000000000003053.index.deleted. (kafka.log.LogSegment)
[2020-03-22 23:51:22,995] INFO Deleted time index /tmp/kafka-logs/fedex_package-0/00000000000000003053.timeindex.deleted. (kafka.log.LogSegment)
[2020-03-22 23:54:41,044] INFO Terminating process due to signal SIGINT (org.apache.kafka.common.utils.LoggingSignalHandler)
[2020-03-22 23:54:41,048] INFO [KafkaServer id=0] shutting down (kafka.server.KafkaServer)
[2020-03-22 23:54:41,049] INFO [KafkaServer id=0] Starting controlled shutdown (kafka.server.KafkaServer)
[2020-03-22 23:54:41,106] INFO [KafkaServer id=0] Controlled shutdown succeeded (kafka.server.KafkaServer)
[2020-03-22 23:54:41,111] INFO [/config/changes-event-process-thread]: Shutting down (kafka.common.ZkNodeChangeNotificationListener$ChangeEventProcessThread)
[2020-03-22 23:54:41,115] INFO [/config/changes-event-process-thread]: Shutdown completed (kafka.common.ZkNodeChangeNotificationListener$ChangeEventProcessThread)
[2020-03-22 23:54:41,115] INFO [/config/changes-event-process-thread]: Stopped (kafka.common.ZkNodeChangeNotificationListener$ChangeEventProcessThread)
[2020-03-22 23:54:41,116] INFO [SocketServer brokerId=0] Stopping socket server request processors (kafka.network.SocketServer)
[2020-03-22 23:54:41,127] INFO [SocketServer brokerId=0] Stopped socket server request processors (kafka.network.SocketServer)
[2020-03-22 23:54:41,129] INFO [data-plane Kafka Request Handler on Broker 0], shutting down (kafka.server.KafkaRequestHandlerPool)
[2020-03-22 23:54:41,133] INFO [data-plane Kafka Request Handler on Broker 0], shut down completely (kafka.server.KafkaRequestHandlerPool)
[2020-03-22 23:54:41,137] INFO [ExpirationReaper-0-AlterAcls]: Shutting down (kafka.server.DelayedOperationPurgatory$ExpiredOperationReaper)
[2020-03-22 23:54:41,216] INFO [ExpirationReaper-0-AlterAcls]: Shutdown completed (kafka.server.DelayedOperationPurgatory$ExpiredOperationReaper)
[2020-03-22 23:54:41,216] INFO [ExpirationReaper-0-AlterAcls]: Stopped (kafka.server.DelayedOperationPurgatory$ExpiredOperationReaper)
[2020-03-22 23:54:41,217] INFO [KafkaApi-0] Shutdown complete. (kafka.server.KafkaApis)
[2020-03-22 23:54:41,218] INFO [ExpirationReaper-0-topic]: Shutting down (kafka.server.DelayedOperationPurgatory$ExpiredOperationReaper)
[2020-03-22 23:54:41,416] INFO [ExpirationReaper-0-topic]: Stopped (kafka.server.DelayedOperationPurgatory$ExpiredOperationReaper)
[2020-03-22 23:54:41,416] INFO [ExpirationReaper-0-topic]: Shutdown completed (kafka.server.DelayedOperationPurgatory$ExpiredOperationReaper)
[2020-03-22 23:54:41,419] INFO [TransactionCoordinator id=0] Shutting down. (kafka.coordinator.transaction.TransactionCoordinator)
[2020-03-22 23:54:41,420] INFO [ProducerId Manager 0]: Shutdown complete: last producerId assigned 4000 (kafka.coordinator.transaction.ProducerIdManager)
[2020-03-22 23:54:41,420] INFO [Transaction State Manager 0]: Shutdown complete (kafka.coordinator.transaction.TransactionStateManager)
[2020-03-22 23:54:41,421] INFO [Transaction Marker Channel Manager 0]: Shutting down (kafka.coordinator.transaction.TransactionMarkerChannelManager)
[2020-03-22 23:54:41,421] INFO [Transaction Marker Channel Manager 0]: Stopped (kafka.coordinator.transaction.TransactionMarkerChannelManager)
[2020-03-22 23:54:41,421] INFO [Transaction Marker Channel Manager 0]: Shutdown completed (kafka.coordinator.transaction.TransactionMarkerChannelManager)
[2020-03-22 23:54:41,421] INFO [TransactionCoordinator id=0] Shutdown complete. (kafka.coordinator.transaction.TransactionCoordinator)
[2020-03-22 23:54:41,422] INFO [GroupCoordinator 0]: Shutting down. (kafka.coordinator.group.GroupCoordinator)
[2020-03-22 23:54:41,422] INFO [ExpirationReaper-0-Heartbeat]: Shutting down (kafka.server.DelayedOperationPurgatory$ExpiredOperationReaper)
[2020-03-22 23:54:41,466] INFO [ExpirationReaper-0-Heartbeat]: Shutdown completed (kafka.server.DelayedOperationPurgatory$ExpiredOperationReaper)
[2020-03-22 23:54:41,466] INFO [ExpirationReaper-0-Heartbeat]: Stopped (kafka.server.DelayedOperationPurgatory$ExpiredOperationReaper)
[2020-03-22 23:54:41,467] INFO [ExpirationReaper-0-Rebalance]: Shutting down (kafka.server.DelayedOperationPurgatory$ExpiredOperationReaper)
[2020-03-22 23:54:41,621] INFO [ExpirationReaper-0-Rebalance]: Stopped (kafka.server.DelayedOperationPurgatory$ExpiredOperationReaper)
[2020-03-22 23:54:41,621] INFO [ExpirationReaper-0-Rebalance]: Shutdown completed (kafka.server.DelayedOperationPurgatory$ExpiredOperationReaper)
[2020-03-22 23:54:41,622] INFO [GroupCoordinator 0]: Shutdown complete. (kafka.coordinator.group.GroupCoordinator)
[2020-03-22 23:54:41,623] INFO [ReplicaManager broker=0] Shutting down (kafka.server.ReplicaManager)
[2020-03-22 23:54:41,623] INFO [LogDirFailureHandler]: Shutting down (kafka.server.ReplicaManager$LogDirFailureHandler)
[2020-03-22 23:54:41,623] INFO [LogDirFailureHandler]: Stopped (kafka.server.ReplicaManager$LogDirFailureHandler)
[2020-03-22 23:54:41,623] INFO [LogDirFailureHandler]: Shutdown completed (kafka.server.ReplicaManager$LogDirFailureHandler)
[2020-03-22 23:54:41,624] INFO [ReplicaFetcherManager on broker 0] shutting down (kafka.server.ReplicaFetcherManager)
[2020-03-22 23:54:41,625] INFO [ReplicaFetcherManager on broker 0] shutdown completed (kafka.server.ReplicaFetcherManager)
[2020-03-22 23:54:41,626] INFO [ReplicaAlterLogDirsManager on broker 0] shutting down (kafka.server.ReplicaAlterLogDirsManager)
[2020-03-22 23:54:41,627] INFO [ReplicaAlterLogDirsManager on broker 0] shutdown completed (kafka.server.ReplicaAlterLogDirsManager)
[2020-03-22 23:54:41,627] INFO [ExpirationReaper-0-Fetch]: Shutting down (kafka.server.DelayedOperationPurgatory$ExpiredOperationReaper)
[2020-03-22 23:54:41,823] INFO [ExpirationReaper-0-Fetch]: Stopped (kafka.server.DelayedOperationPurgatory$ExpiredOperationReaper)
[2020-03-22 23:54:41,823] INFO [ExpirationReaper-0-Fetch]: Shutdown completed (kafka.server.DelayedOperationPurgatory$ExpiredOperationReaper)
[2020-03-22 23:54:41,824] INFO [ExpirationReaper-0-Produce]: Shutting down (kafka.server.DelayedOperationPurgatory$ExpiredOperationReaper)
[2020-03-22 23:54:42,026] INFO [ExpirationReaper-0-Produce]: Stopped (kafka.server.DelayedOperationPurgatory$ExpiredOperationReaper)
[2020-03-22 23:54:42,026] INFO [ExpirationReaper-0-Produce]: Shutdown completed (kafka.server.DelayedOperationPurgatory$ExpiredOperationReaper)
[2020-03-22 23:54:42,026] INFO [ExpirationReaper-0-DeleteRecords]: Shutting down (kafka.server.DelayedOperationPurgatory$ExpiredOperationReaper)
[2020-03-22 23:54:42,228] INFO [ExpirationReaper-0-DeleteRecords]: Stopped (kafka.server.DelayedOperationPurgatory$ExpiredOperationReaper)
[2020-03-22 23:54:42,228] INFO [ExpirationReaper-0-DeleteRecords]: Shutdown completed (kafka.server.DelayedOperationPurgatory$ExpiredOperationReaper)
[2020-03-22 23:54:42,229] INFO [ExpirationReaper-0-ElectLeader]: Shutting down (kafka.server.DelayedOperationPurgatory$ExpiredOperationReaper)
[2020-03-22 23:54:42,433] INFO [ExpirationReaper-0-ElectLeader]: Stopped (kafka.server.DelayedOperationPurgatory$ExpiredOperationReaper)
[2020-03-22 23:54:42,433] INFO [ExpirationReaper-0-ElectLeader]: Shutdown completed (kafka.server.DelayedOperationPurgatory$ExpiredOperationReaper)
[2020-03-22 23:54:42,435] INFO [ReplicaManager broker=0] Shut down completely (kafka.server.ReplicaManager)
[2020-03-22 23:54:42,436] INFO Shutting down. (kafka.log.LogManager)
[2020-03-22 23:54:42,487] INFO [ProducerStateManager partition=fedex_package-0] Writing producer snapshot at offset 3377 (kafka.log.ProducerStateManager)
[2020-03-22 23:54:42,493] INFO [ProducerStateManager partition=__consumer_offsets-11] Writing producer snapshot at offset 862 (kafka.log.ProducerStateManager)
[2020-03-22 23:54:42,526] INFO Shutdown complete. (kafka.log.LogManager)
[2020-03-22 23:54:42,535] INFO [ZooKeeperClient Kafka server] Closing. (kafka.zookeeper.ZooKeeperClient)
[2020-03-22 23:54:42,645] INFO EventThread shut down for session: 0x10000d2784c0003 (org.apache.zookeeper.ClientCnxn)
[2020-03-22 23:54:42,645] INFO Session: 0x10000d2784c0003 closed (org.apache.zookeeper.ZooKeeper)
[2020-03-22 23:54:42,650] INFO [ZooKeeperClient Kafka server] Closed. (kafka.zookeeper.ZooKeeperClient)
[2020-03-22 23:54:42,651] INFO [ThrottledChannelReaper-Fetch]: Shutting down (kafka.server.ClientQuotaManager$ThrottledChannelReaper)
[2020-03-22 23:54:42,678] INFO [ThrottledChannelReaper-Fetch]: Stopped (kafka.server.ClientQuotaManager$ThrottledChannelReaper)
[2020-03-22 23:54:42,679] INFO [ThrottledChannelReaper-Fetch]: Shutdown completed (kafka.server.ClientQuotaManager$ThrottledChannelReaper)
[2020-03-22 23:54:42,681] INFO [ThrottledChannelReaper-Produce]: Shutting down (kafka.server.ClientQuotaManager$ThrottledChannelReaper)
[2020-03-22 23:54:42,711] INFO [ThrottledChannelReaper-Produce]: Stopped (kafka.server.ClientQuotaManager$ThrottledChannelReaper)
[2020-03-22 23:54:42,711] INFO [ThrottledChannelReaper-Produce]: Shutdown completed (kafka.server.ClientQuotaManager$ThrottledChannelReaper)
[2020-03-22 23:54:42,711] INFO [ThrottledChannelReaper-Request]: Shutting down (kafka.server.ClientQuotaManager$ThrottledChannelReaper)
[2020-03-22 23:54:43,712] INFO [ThrottledChannelReaper-Request]: Shutdown completed (kafka.server.ClientQuotaManager$ThrottledChannelReaper)
[2020-03-22 23:54:43,712] INFO [ThrottledChannelReaper-Request]: Stopped (kafka.server.ClientQuotaManager$ThrottledChannelReaper)
[2020-03-22 23:54:43,715] INFO [SocketServer brokerId=0] Shutting down socket server (kafka.network.SocketServer)
[2020-03-22 23:54:43,748] INFO [SocketServer brokerId=0] Shutdown completed (kafka.network.SocketServer)
[2020-03-22 23:54:43,759] INFO [KafkaServer id=0] shut down completed (kafka.server.KafkaServer)
